  gameEngine.cpp
c:\xarxes_practicaudp\platilla_3projects\gameclient\gameengine.cpp(26): warning C4244: 'initializing': conversion from 'int' to 'float', possible loss of data
c:\xarxes_practicaudp\platilla_3projects\gameclient\gameengine.cpp(27): warning C4244: 'initializing': conversion from 'int' to 'float', possible loss of data
c:\xarxes_practicaudp\platilla_3projects\gameclient\gameengine.cpp(181): warning C4244: 'argument': conversion from 'int' to 'float', possible loss of data
c:\xarxes_practicaudp\platilla_3projects\gameclient\gameengine.cpp(189): warning C4244: 'argument': conversion from 'float' to 'uint8_t', possible loss of data
c:\xarxes_practicaudp\platilla_3projects\gameclient\gameengine.cpp(190): warning C4244: 'argument': conversion from 'float' to 'uint8_t', possible loss of data
c:\xarxes_practicaudp\platilla_3projects\gameclient\gameengine.cpp(191): warning C4244: 'argument': conversion from 'float' to 'uint8_t', possible loss of data
c:\xarxes_practicaudp\platilla_3projects\gameclient\gameengine.cpp(191): warning C4305: 'argument': truncation from 'int' to 'uint8_t'
c:\xarxes_practicaudp\platilla_3projects\gameclient\gameengine.cpp(191): warning C4309: 'argument': truncation of constant value
c:\xarxes_practicaudp\platilla_3projects\gameclient\gameengine.cpp(192): warning C4305: 'argument': truncation from 'int' to 'uint8_t'
c:\xarxes_practicaudp\platilla_3projects\gameclient\gameengine.cpp(192): warning C4309: 'argument': truncation of constant value
c:\xarxes_practicaudp\platilla_3projects\gameclient\gameengine.cpp(192): warning C4244: 'argument': conversion from 'float' to 'uint8_t', possible loss of data
c:\xarxes_practicaudp\platilla_3projects\gameclient\gameengine.cpp(236): warning C4267: 'argument': conversion from 'size_t' to 'uint32_t', possible loss of data
c:\xarxes_practicaudp\platilla_3projects\gameclient\gameengine.cpp(321): warning C4244: 'argument': conversion from 'float' to 'uint8_t', possible loss of data
c:\xarxes_practicaudp\platilla_3projects\gameclient\gameengine.cpp(334): warning C4244: 'argument': conversion from 'float' to 'uint8_t', possible loss of data
  Generating code
  8 of 180 functions ( 4.4%) were compiled, the rest were copied from previous compilation.
    0 functions were new in current compilation
    13 functions had inline decision re-evaluated but remain unchanged
  Finished generating code
  GameClient.vcxproj -> C:\Xarxes_PracticaUDP\Platilla_3Projects\x64\Release\GameClient.exe
